# JRE version: OpenJDK Runtime Environment Temurin-21.0.7+6 (21.0.7+6) (build 21.0.7+6-LTS)
# Java VM: OpenJDK 64-Bit Server VM Temurin-21.0.7+6 (21.0.7+6-LTS, mixed mode, emulated-client, sharing, tiered, compressed oops, compressed class ptrs, g1 gc, windows-amd64)
GC Precious Log:
 CardTable entry size: 512
 Card Set container configuration: InlinePtr #cards 4 size 8 Array Of Cards #cards 32 size 80 Howl #buckets 8 coarsen threshold 7372 Howl Bitmap #cards 1024 size 144 coarsen threshold 921 Card regions per heap region 1 cards per card region 8192
 CPUs: 8 total, 8 available
 Memory: 32448M
 Large Page Support: Disabled
 NUMA Support: Disabled
 Compressed Oops: Enabled (Zero based)
 Heap Region Size: 4M
 Heap Min Capacity: 8M
 Heap Initial Capacity: 508M
 Heap Max Capacity: 8116M
 Pre-touch: Disabled
 Parallel Workers: 8
 Concurrent Workers: 2
 Concurrent Refinement Workers: 8
 Periodic GC: Disabled
Heap:
 garbage-first heap   total 81920K, used 61012K [0x0000000604c00000, 0x0000000800000000)
  region size 4096K, 8 young (32768K), 1 survivors (4096K)
 Metaspace       used 59597K, committed 60800K, reserved 1114112K
  class space    used 7640K, committed 8256K, reserved 1048576K
GC Heap History (20 events):
Event: 31.214 GC heap before
{Heap before GC invocations=17 (full 0):
 garbage-first heap   total 81920K, used 63741K [0x0000000604c00000, 0x0000000800000000)
  region size 4096K, 11 young (45056K), 2 survivors (8192K)
 Metaspace       used 54967K, committed 56000K, reserved 1114112K
  class space    used 7079K, committed 7552K, reserved 1048576K
}
Event: 31.220 GC heap after
{Heap after GC invocations=18 (full 0):
 garbage-first heap   total 81920K, used 34338K [0x0000000604c00000, 0x0000000800000000)
  region size 4096K, 1 young (4096K), 1 survivors (4096K)
 Metaspace       used 54967K, committed 56000K, reserved 1114112K
  class space    used 7079K, committed 7552K, reserved 1048576K
}
Event: 50.236 GC heap before
{Heap before GC invocations=19 (full 0):
 garbage-first heap   total 81920K, used 67106K [0x0000000604c00000, 0x0000000800000000)
  region size 4096K, 9 young (36864K), 1 survivors (4096K)
 Metaspace       used 56558K, committed 57664K, reserved 1114112K
  class space    used 7339K, committed 7872K, reserved 1048576K
}
Event: 50.241 GC heap after
{Heap after GC invocations=20 (full 0):
 garbage-first heap   total 81920K, used 36214K [0x0000000604c00000, 0x0000000800000000)
  region size 4096K, 2 young (8192K), 2 survivors (8192K)
 Metaspace       used 56558K, committed 57664K, reserved 1114112K
  class space    used 7339K, committed 7872K, reserved 1048576K
}
Event: 160.548 GC heap before
{Heap before GC invocations=20 (full 0):
 garbage-first heap   total 81920K, used 64886K [0x0000000604c00000, 0x0000000800000000)
  region size 4096K, 9 young (36864K), 2 survivors (8192K)
 Metaspace       used 58056K, committed 59264K, reserved 1114112K
  class space    used 7511K, committed 8064K, reserved 1048576K
}
Event: 160.553 GC heap after
{Heap after GC invocations=21 (full 0):
 garbage-first heap   total 81920K, used 36658K [0x0000000604c00000, 0x0000000800000000)
  region size 4096K, 2 young (8192K), 2 survivors (8192K)
 Metaspace       used 58056K, committed 59264K, reserved 1114112K
  class space    used 7511K, committed 8064K, reserved 1048576K
}
Event: 233.840 GC heap before
{Heap before GC invocations=21 (full 0):
 garbage-first heap   total 81920K, used 65330K [0x0000000604c00000, 0x0000000800000000)
  region size 4096K, 9 young (36864K), 2 survivors (8192K)
 Metaspace       used 59338K, committed 60608K, reserved 1114112K
  class space    used 7655K, committed 8256K, reserved 1048576K
}
Event: 233.844 GC heap after
{Heap after GC invocations=22 (full 0):
 garbage-first heap   total 81920K, used 35766K [0x0000000604c00000, 0x0000000800000000)
  region size 4096K, 1 young (4096K), 1 survivors (4096K)
 Metaspace       used 59338K, committed 60608K, reserved 1114112K
  class space    used 7655K, committed 8256K, reserved 1048576K
}
Event: 361.231 GC heap before
{Heap before GC invocations=23 (full 0):
 garbage-first heap   total 81920K, used 52150K [0x0000000604c00000, 0x0000000800000000)
  region size 4096K, 6 young (24576K), 1 survivors (4096K)
 Metaspace       used 58998K, committed 60608K, reserved 1114112K
  class space    used 7557K, committed 8256K, reserved 1048576K
}
Event: 361.274 GC heap after
{Heap after GC invocations=24 (full 1):
 garbage-first heap   total 81920K, used 24205K [0x0000000604c00000, 0x0000000800000000)
  region size 4096K, 0 young (0K), 0 survivors (0K)
 Metaspace       used 58360K, committed 60608K, reserved 1114112K
  class space    used 7406K, committed 8256K, reserved 1048576K
}
Event: 363.587 GC heap before
{Heap before GC invocations=24 (full 1):
 garbage-first heap   total 81920K, used 69261K [0x0000000604c00000, 0x0000000800000000)
  region size 4096K, 12 young (49152K), 0 survivors (0K)
 Metaspace       used 58632K, committed 60608K, reserved 1114112K
  class space    used 7454K, committed 8256K, reserved 1048576K
}
Event: 363.590 GC heap after
{Heap after GC invocations=25 (full 1):
 garbage-first heap   total 81920K, used 28942K [0x0000000604c00000, 0x0000000800000000)
  region size 4096K, 2 young (8192K), 2 survivors (8192K)
 Metaspace       used 58632K, committed 60608K, reserved 1114112K
  class space    used 7454K, committed 8256K, reserved 1048576K
}
Event: 364.010 GC heap before
{Heap before GC invocations=26 (full 1):
 garbage-first heap   total 81920K, used 61710K [0x0000000604c00000, 0x0000000800000000)
  region size 4096K, 11 young (45056K), 2 survivors (8192K)
 Metaspace       used 58907K, committed 60608K, reserved 1114112K
  class space    used 7485K, committed 8256K, reserved 1048576K
}
Event: 364.013 GC heap after
{Heap after GC invocations=27 (full 1):
 garbage-first heap   total 81920K, used 31763K [0x0000000604c00000, 0x0000000800000000)
  region size 4096K, 1 young (4096K), 1 survivors (4096K)
 Metaspace       used 58907K, committed 60608K, reserved 1114112K
  class space    used 7485K, committed 8256K, reserved 1048576K
}
Event: 411.177 GC heap before
{Heap before GC invocations=27 (full 1):
 garbage-first heap   total 81920K, used 68627K [0x0000000604c00000, 0x0000000800000000)
  region size 4096K, 10 young (40960K), 1 survivors (4096K)
 Metaspace       used 59570K, committed 60736K, reserved 1114112K
  class space    used 7637K, committed 8256K, reserved 1048576K
}
Event: 411.182 GC heap after
{Heap after GC invocations=28 (full 1):
 garbage-first heap   total 81920K, used 37383K [0x0000000604c00000, 0x0000000800000000)
  region size 4096K, 2 young (8192K), 2 survivors (8192K)
 Metaspace       used 59570K, committed 60736K, reserved 1114112K
  class space    used 7637K, committed 8256K, reserved 1048576K
}
Event: 605.022 GC heap before
{Heap before GC invocations=29 (full 1):
 garbage-first heap   total 81920K, used 66055K [0x0000000604c00000, 0x0000000800000000)
  region size 4096K, 9 young (36864K), 2 survivors (8192K)
 Metaspace       used 59584K, committed 60800K, reserved 1114112K
  class space    used 7640K, committed 8256K, reserved 1048576K
}
Event: 605.027 GC heap after
{Heap after GC invocations=30 (full 1):
 garbage-first heap   total 81920K, used 38493K [0x0000000604c00000, 0x0000000800000000)
  region size 4096K, 1 young (4096K), 1 survivors (4096K)
 Metaspace       used 59584K, committed 60800K, reserved 1114112K
  class space    used 7640K, committed 8256K, reserved 1048576K
}
Event: 801.194 GC heap before
{Heap before GC invocations=30 (full 1):
 garbage-first heap   total 81920K, used 63069K [0x0000000604c00000, 0x0000000800000000)
  region size 4096K, 7 young (28672K), 1 survivors (4096K)
 Metaspace       used 59584K, committed 60800K, reserved 1114112K
  class space    used 7640K, committed 8256K, reserved 1048576K
}
Event: 801.197 GC heap after
{Heap after GC invocations=31 (full 1):
 garbage-first heap   total 81920K, used 36436K [0x0000000604c00000, 0x0000000800000000)
  region size 4096K, 1 young (4096K), 1 survivors (4096K)
 Metaspace       used 59584K, committed 60800K, reserved 1114112K
  class space    used 7640K, committed 8256K, reserved 1048576K
}

